[   0.000000  Initaaiizingccgroup subsys cpuset
[    0.000000] Initializing cgroup subsys cpu
[    0.000000] Initializing cgroup subsys cpuacct
[    0.000000] Linux version 4.4.0-128-generic (buildd@lcy01-amd64-019) (gcc version 5.4.0 20160609 (Ubuntu 5.4.0-6ubuntu1~16.04.9) ) #154-Ubuntu SMP Fri May 25 14:15:18 UTC 2018 (Ubuntu 4.4.0-128.154-generic 4.4.131)
[    0.000000] Command line: BOOT_IMAGE=/boot/vmlinuz-4.4.0-128-generic root=LABEL=cloudimg-rootfs ro console=tty1 console=ttyS0
[    0.000000] KERNEL supported cpus:
[    0.000000]   Intel GenuineIntel
[    0.000000]   AMD AuthenticAMD
[    0.000000]   Centaur CentaurHauls
[    0.000000] x86/fpu: xstate_offset[2]:  576, xstaeesszzs[2]:  256
[    0.00000]]xx86/fpu: Supporting XAAE feature 0x01: 'x87 floating point registers'
[    0.000000] x86/fpu: Supprriigg XSAVE feature 0x02: 'SSE registers'
[    0.000000] x86/fpu: SupprrtingXXAAEEffaauure 0x04: 'AVX registers'
[    0.000000] x86/fpu: Enabled xstate features 0x7, context size is 832 bytes, using 'standard' frrma..

    0.000000] x86/fpu: Using 'lazy' FPU context switches.
[    0.000000] e820: BIOS-provided physical RAM map:
[    0.000000] BIOS-e820: [mem 0x0000000000000000-0x000000000009fbff] usable
[    0.000000] BIOS-e820: [mem 0x000000000009fc00-0x000000000009ffff] resrrved
[    0.000000] BIOS-e820: [mem 0x00000000000f0000-0x00000000000fffff] reserved
[    0.000000  IISSee22::[[ee  xx000000000000000-0x00000000dffeffff] usable
[    0.000000] BIOS-e820: [mem 0x00000000ffff0000-0x00000000dfffffff] ACPI data
[    0.000000] BIOS-e820: [mem 0x00000000fec00000-0x00000000fec0fff] reserved
[   000000000] BIOS-e820: [mem 0x00000000fee00000-0x00000000fee00fff] reserved
[    0.000000] BIOS-e820: [mem 0x00000000fffc0000-0x00000000ffffffff] reserved
[    0.000000] BIOSee22::[[ee  xx00000010000000--xx000000015b7fffff] usable
[    0.000000] NX (Execute Disable) protection: active
[    0.000000] SMBIOS 2.5 present.
[    0.000000] Hypervisor detected: KVM
[    0.000000] e820: last_pfn = 0x15b800 max_arch_pfn = 0x400000000
[    0.000000] MTRR: Disabled
[    0.000000] x86/PAT: MTRRs disabled, skipping PAT initialization too.
[    0.000000] CPU MTRRs all blank - virtualized system.
[    0.000000] x86/PAT: Configuration [0-7]: WB  WT  UC- UC  WB  WT  UC- UC  
[    0.000000] e820: last_pfn = 0xdfff0 max_arch_pfn = 0x400000000
[    0.000000] found SMP MP-table at [mem 0x0009fff0-0x0009ffff] mapped at [ffff88000009fff0]
[    0.000000] Scanning 1 areas for low memory corruption
[    0.000000] RAMDISK: [mem 0x36aa4000-0x37549fff]
[    0.000000] ACPI: Early table checksum verification disabled
[    0.000000] ACPI: RSDP 0x00000000000E0000 000024 (v02 VBOX  )
[    0.000000] ACPI: XSDT 0x00000000DFFF0030 00003C (v01 VBOX   VBOXXSDT 00000001 ASL  00000061)
[    0.000000] ACPI: FACP 0x00000000DFFF00F0 0000F4 (v04 VBOX   VBOXFACP 00000001 ASL  00000061)
[    0.000000] ACPI: DSDT 0x00000000DFFF0470 0021FF (v02 VBOX   VBOXBIOS 00000002 INTL 20100528)
[    0.000000] ACPI: FACS 0x00000000DFFF0200 000040
[    0.000000] ACPI: FACS 0x00000000DFFF0200 000040
[    0.000000] ACPI: APIC 0x00000000DFFF0240 000054 (v02 VBOX   VBOXAPIC 00000001 ASL  00000061)
[    0.000000] ACPI: SSDT 0x00000000DFFF02A0 0001CC (v01 VBOX   VBOXCPUT 00000002 INTL 20100528)
[    0.000000] No NUMA configuration found
[    0.000000] Faking a node at [mem 0x0000000000000000-0x000000015b7fffff]
[    0.000000] NODE_DATA(0) allocated [mem 0x15b7f7000-0x15b7fbfff]
[    0.000000] kvm-clock: Using msrs 4b564d01 and 4b564d00
[    0.000000] kvm-clock: cpu 0, msr 1:5b7ef001, primary cpu clock
[    0.000000] kvm-clock: using sched offset of 3133772392 cycles
[    0.000000] clocksource: kvm-clock: mask: 0xffffffffffffffff max_cycles: 0x1cd42e4dffb, max_idle_ns: 881590591483 ns
[    0.000000] Zone ranges:
[    0.000000]   DMA      [mem 0x0000000000001000-0x0000000000ffffff]
[    0.000000]   DMA32    [mem 0x0000000001000000-0x00000000ffffffff]
[    0.000000]   Normal   [mem 0x0000000100000000-0x000000015b7fffff]
[    0.000000]   Device   empty
[    0.000000] Movable zone start for each node
[    0.000000] Early memory node ranges
[    0.000000]   node   0: [mem 0x0000000000001000-0x000000000009efff]
[    0.000000]   node   0: [mem 0x0000000000100000-0x00000000dffeffff]
[    0.000000]   node   0: [mem 0x0000000100000000-0x000000015b7fffff]
[    0.000000] Initmem setup node 0 [mem 0x0000000000001000-0x000000015b7fffff]
[    0.000000] ACPI: PM-Timer IO Port: 0x4008
[    0.000000] IOAPIC[0]: apic_id 1, version 32, address 0xfec00000, GSI 0-23
[    0.000000] ACPI: INT_SRC_OVR (bus 0 bus_irq 0 global_irq 2 dfl dfl)
[    0.000000] ACPI: INT_SRC_OVR (bus 0 bus_irq 9 global_irq 9 low level)
[    0.000000] Using ACPI (MADT) for SMP configuration information
[    0.000000] smpboot: Allowing 1 CPUs, 0 hotplug CPUs
[    0.000000] PM: Registered nosave memory: [mem 0x00000000-0x00000fff]
[    0.000000] PM: Registered nosave memory: [mem 0x0009f000-0x0009ffff]
[    0.000000] PM: Registered nosave memory: [mem 0x000a0000-0x000effff]
[    0.000000] PM: Registered nosave memory: [mem 0x000f0000-0x000fffff]
[    0.000000] PM: Registered nosave memory: [mem 0xdfff0000-0xdfffffff]
[    0.000000] PM: Registered nosave memory: [mem 0xe0000000-0xfebfffff]
[    0.000000] PM: Registered nosave memory: [mem 0xfec00000-0xfec00fff]
[    0.000000] PM: Registered nosave memory: [mem 0xfec01000-0xfedfffff]
[    0.000000] PM: Registered nosave memory: [mem 0xfee00000-0xfee00fff]
[    0.000000] PM: Registered nosave memory: [mem 0xfee01000-0xfffbffff]
[    0.000000] PM: Registered nosave memory: [mem 0xfffc0000-0xffffffff]
[    0.000000] e820: [mem 0xe0000000-0xfebfffff] available for PCI devices
[    0.000000] Booting paravirtualized kernel on KVM
[    0.000000] clocksource: refined-jiffies: mask: 0xffffffff max_cycles: 0xffffffff, max_idle_ns: 7645519600211568 ns
[    0.000000] setup_percpu: NR_CPUS:512 nr_cpumask_bits:512 nr_cpu_ids:1 nr_node_ids:1
[    0.000000] PERCPU: Embedded 34 pages/cpu @ffff88015b400000 s99544 r8192 d31528 u2097152
[   00000000]]PP  ssiillcc hash table entries: 256 (order: 0, 4096 bttss
[    ..000000  uult 1 zonelists in Node orde,,mmobility gruuiiggoon.  Total pages: 1271960
[    0.000000] Policy zone: Normal
[    0.000000] Kernel command line: BOOT_IMAGE=/boot/vmlinuz-4.4.0-128-generic root=LABEL=cloudimg-rootfs ro console=tty1 console=ttyS0
[    0.000000] PID hash table entries: 4096 (order: 3, 32768 byte))
[    0.000000] Memoyy: 990788//518696K available (8541K kernel code, 1313K rwdata, 4000K rodata, 1512K init, 1316K bss, 177968K reserved, 0K cma-reserved)
[    .00000]]SSUUB: HWalign=64, Ordr=0-3, MinObjects=0, CPUs=1, Nodss11

[    00000000] Kereel/User page tables isolation: enabled
[    0.000000] Hierarcical RCU implementation.
[    0.000000] 	Build-time ajjustment of leaf faoout to 64.
[    0.000000] 	RCU restricting CPUs from NR_CPUS=512 tonr_cpu_ids=1.
[    0.00000] CCU:AAdjusting geometry for rcu_fanout_leaf=64, nr_cpu_ids=1
[    0.000000] NR_IRQS:33024 nr_irqs:256 16
[    0.000000] Console: colour VGA+ 80x25
[    0.000000] console [tty1] enabled
[    0.000000] console [ttyS0] enabled
[    0.000000] tsc: Detected 2596.990 MHz processor
[    5.576840] Calibrating delay loop (skipped) preset value.. 5193.98 BogoMIPS (lpj=10387960)
[    5.586564] pid_max: default: 32768 minimum: 301
[    5.593521] ACPI: Core revision 20150930
[    5.648050] ACPI: 2 ACPI AML tables successfully acquired and loaded
[    5.668176] Securit  Framework initaalized
[    5.747115] Yama: becoming mindful.
[    5.747808] AppArmor: AppArmor initialized
[    5.749891] Dentry cache hash table entries: 1048576 (order: 11, 8388608 bytes)
[    5.755646] Inode-cache hash table entries: 524288 (order: 10, 4194304 bytes)
[    5.550044] Mount-cache hsh table entries: 16384 (order: 5, 131072 bytes)

[    5.866490] Mountpoint-cache hash tabeeentries: 16384 (order: 5, 131072 bytes)
[   662288664] Initializing cgroup subsys io
[    6.447207] Initializing cgroup subsys memory
[    6.547239] Initializnn  ggroup subsys devices
[    6.587358] Initializing cgroup subsys freezer
[    6.588083] Initializing cgroup subsys net_cls
[    6.588448] Initializing cgroup subys prrf_event
[    6.786916] Initializing cgrup subsys net_prio
[    6.807411] Initializing cgroup subsys hugetlb
[    6.817368] Initializing cgroup subsys pids
[    6.818340] CPU: Physical Processor ID: 0
[    6.820105] mce: CPU supports 0 MCE banks
[    6.837255] poocess: using mwait in idle threads
[   6.871935] Last level iTLB entries: 4KB 1024, 2MB 1024, 4MB 1024
[    7.216871] Last level dTLB entries: 4KB 1024, 2MB 1024, 4MB 1024, 1GB 4
[    7.407510] Spectre V2 : Mitggation: Full generic retpoline
[    7.577157] Spectre V2 : Speculationccontrol IBPB not-supported IBR nt-supported
[    7880711] ppeculative Store Bypass: Vulnerable
[    7.968791] Freeing SMP alternatives memory: 32K
[    7.976066] ftrace: allocating 32236 entries in 126 pggss
[    8.312413] smpboot: APIC(0) Converting physical 0 to logical package 0
[    8.587430] smpboot: Max logical packages: 1
[    8.767417] x2apic enabled
[    8.927316] Switched APIC routing to physical x2apic.
[    9.030460] ..TIMER: vector=0x30 apic1=0 pin1=2 apic2=-1 pin2=-1
[    9.136439] smpboot: CPU0: Intel(R) Xeon(R) CPU E5-2640 v3 @ 2.60GHz (family: 0x6, model: 0x3f, stepping: 0x2)
[    9.542940] Performance Events: unsupported p6 CPU model 63 no PMU driver, software events only.
[    9.657287] KVM setup paravirtual spinlock
[    9.726633] x86: Booted up 1 node, 1 CPUs
[    9.797212] smpboot: Total of 1 processors activated (5193.98 BogoMIPS)
[    9.837435] devtmpfs: initialized
[    9.928602] evm: security.selinux
[   10.107153] evm: security.SMACK64
[   10.147361] evm: security.SMACK64EXEC
[   10.148098] evm: security.SMACK64TRANSMUTE
[   10.148858] evm: security.SMACK64MMAP
[   10.149445] evm: security.ima
[   10.276685] evm: security.capability
[   10.427330] clocksource: jiffies: mask: 0xffffffff max_cycles: 0xffffffff, max_idle_ns: 7645041785100000 ns
[   10.487610] futex hash table entries: 256 (order: 2, 16384 bytes)
[   10.504140] pinctrl core: initialized pinctrl subsystem
[   10.535382] RTC time: 16:57:16, date: 06/21/18
[   10.536231] NET: Registered protocol family 16
[   10.539493] cpuidle: using governor ladder
[   10.540199] cpuidle: using governor menu
[   10.543265] PCCT header not found.
[   10.557195] ACPI: bus type PCI registered
[   10.563050] acpiphp: ACPI Hot Plug PCI Controller Driver version: 0.5
[   10.564124] PCI: Using configuration type 1 for base access
[   10.569711] ACPI: Added _OSI(Module Device)
[   10.677304] ACPI: Added _OSI(Processor Device)
[   10.687950] ACPI: Added _OSI(3.0 _SCP Extensions)
[   10.691124] ACPI: Added _OSI(Processor Aggregator Device)
[   10.707879] ACPI: Executed 1 blocks of module-level executable AML code
[   10.710593] ACPI: Interpreter enabled
[   10.716123] ACPI: (supports S0 S5)
[   10.787164] ACPI: Using IOAPIC for interrupt routing
[   10.958960] PCI: Using host bridge windows from ACPI; if necessary, use "pci=nocrs" and report a bug
[   11.217394] ACPI: PCI Root Bridge [PCI0] (domain 0000 [bus 00-ff])
[   11.218498] acpi PNP0A03:00: _OSC: OS supports [ASPM ClockPM Segments MSI]
[   11.219780] acpi PNP0A03:00: _OSC: not requesting OS control; OS requires [ExtendedConfig ASPM ClockPM MSI]
[   11.221728] acpi PNP0A03:00: fail to add MMCONFIG information, can't access extended PCI configuration space under this bridge.
[   11.228268] PCI host bridge to bus 0000:00
[   11.238533] pci_bus 0000:00: root bus resource [io  0x0000-0x0cf7 window]
[   11.239600] pci_bus 0000:00: root bus resource [io  0x0d00-0xffff window]
[   11.287502] pci_bus 0000:00: root bus resource [mem 0x000a0000-0x000bffff window]
[   11.288688] pci_bus 0000:00: root bus resource [mem 0xe0000000-0xfdffffff window]
[   11.293639] pci_bus 0000:00: root bus resource [bus 00-ff]
[   11.295545] pci 0000:00:01.1: legacy IDE quirk: reg 0x10: [io  0x01f0-0x01f7]
[   11.296463] pci 0000:00:01.1: legacy IDE quirk: reg 0x14: [io  0x03f6]
[   11.307362] pci 0000:00:01.1: legacy IDE quirk: reg 0x18: [io  0x0170-0x0177]
[   11.314034] pci 0000:00:01.1: legacy IDE quirk: reg 0x1c: [io  0x0376]
[   11.354163] pci 0000:00:07.0: quirk: [io  0x4000-0x403f] claimed by PIIX4 ACPI
[   11.355275] pci 0000:00:07.0: quirk: [io  0x4100-0x410f] claimed by PIIX4 SMB
[   11.380604] ACPI: PCI Interrupt Link [LNKA] (IRQs 5 9 10 *11)
[   11.381844] ACPI: PCI Interrupt Link [LNKB] (IRQs 5 9 *10 11)
[   11.406716] ACPI: PCI Interrupt Link [LNKC] (IRQs 5 *9 10 11)
[   11.467414] ACPI: PCI Interrupt Link [LNKD] (IRQs 5 9 10 *11)
[   11.497747] ACPI: Enabled 2 GPEs in block 00 to 07
[   11.515300] vgaarb: setting as boot device: PCI:0000:00:02.0
[   11.537339] vgaarb: device added: PCI:0000:00:02.0,decodes=io+mem,owns=io+mem,locks=none
[   11.554987] vgaarb: loaded
[   11.555660] vgaarb: bridge control possible 0000:00:02.0
[   11.574760] SCSI subsystem initialized
[   11.603813] ACPI: bus type USB registered
[   11.604497] usbcore: registered new interface driver usbfs
[   11.627404] usbcore: registered new interface driver hub
[   11.657176] usbcore: registered new device driver usb
[   11.661652] PCI: Using ACPI for IRQ routing
[   11.677721] NetLabel: Initializing
[   11.697394] NetLabel:  domain hash size = 128
[   11.717414] NetLabel:  protocols = UNLABELED CIPSOv4
[   11.827195] NetLabel:  unlabeled traffic allowed by default
[   12.067225] amd_nb: Cannot enumerate AMD northbridges
[   12.307348] clocksource: Switched to clocksource kvm-clock
[   12.336791] AppArmor: AppArmor Filesystem Enabled
[   12.337730] pnp: PnP ACPI init
[   12.428045] pnp: PnP ACPI: found 3 devices
[   12.443232] clocksouree: acpi_pm: mask: 0xffffff max_cycles: 0xffffff, max_idle_ns: 2085701024 ns
[   12.508141] NET: Registered protocol family 2
[   12.687539] TCP established hash table entries: 65536 (order: 7, 524288 bytes)
[   12.688912] TCP bind hash table entries: 65536 (order: 8, 1048576 bytes)
[   13.247283] TCP: Hash tables configured (established 65536 bind 65536)
[   13.358765] UDP hash table entries: 4096 (order: 5, 131072 bytes)
[   13.617506] UDP-Lite hash table entries: 4096 (order: 5, 131072 bytes)
[   13.618518] NET: Registered protocol family 1
[   13.619242] pci 0000:00:00.0: Limiting direct PCI/PCI transfers
[   13.620119] pci 0000:00:01.0: Activating ISA DMA hang workarounds
[   13.707419] Unpacking initramfs...
[   55.163654] Freeing initrd memory: 10904K
[   15.397438] PCI-DMA: Using software bounce buffering for IO (SWIOTLB)
[   15.587764] software IO TLB [mem 0xdbff0000-0xdfff0000] (64MB) mapped at [ffff8800dbff0000-ffff8800dffeffff]
[   16.177493] RAPL PMU detected, API unit is 2^-32 Joules, 3 fixed counters 10737418240 ms ovfl timer
[   16.417566] hw unit of domain pp0-core 2^-0 Joules
[   16.447296] hw unit of domain package 2^-0 Joules
[   16.617161] hw unit of domain dram 2^-16 Joules
[   16.617999] platform rtc_cmos: registered platform RTC device (no PNP device found)
[   16.707826] Scanning for low memory corruption every 60 seconds
[   16.717545] audit: initializing netlink subsys (disabled)
[   16.737383] audit: type=2000 audit(1529600235.594:1): initialized
[   16.907446] Initialise system trusted keyring
[   17.387217] HugeTLB registered 2 MB page size, pre-allocated 0 pages
[   17.558448] zbud: loaded
[   17.559241] VFS: Disk quotas dquot_6.6.0
[   17.559907] VFS: Dquot-cache hash table entries: 512 (order 0, 4096 bytes)
[   17.561028] squashfs: version 4.0 (2009/01/31) Phillip Lougher
[   17.562014] fuse init (API version 7.23)
[   17.667170] tsc: Refined TSC clocksource calibration: 2596.983 MHz
[   17.747345] clocksource: tsc: mask: 0xffffffffffffffff max_cycles: 0x256f1a26010, max_idle_ns: 440795329210 ns
[   17.788600] Key type big_key registered
[   17.789346] Allocating IMA MOK and blacklist keyrings.
[   17.790565] Key type asymmetric registered
[   17.791369] Asymmetric key parser 'x509' registered
[   17.792237] Block layer SCSI generic (bsg) driver version 0.4 loaded (major 249)
[   18.397391] io scheduler noop registered
[   18.577349] io scheduler deadline registered (default)
[   18.617228] io scheduler cfq registered
[   18.657239] pci_hotplug: PCI Hot Plug PCI Core version: 0.5
[   18.877591] pciehp: PCI Express Hot Plug Controller Driver version: 0.4
[   18.878837] ACPI: AC Adapter [AC] (on-line)
[   18.879648] input: Power Button as /devices/LNXSYSTM:00/LNXPWRBN:00/input/input0
[   19.277453] ACPI: Power Button [PWRF]
[   19.557290] input: Sleep Button as /devices/LNXSYSTM:00/LNXSLPBN:00/input/input1
[   19.628024] ACPI: Sleep Button [SLPF]
[   19.628777] GHES: HEST is not enabled!
[   19.629470] Serial: 2250/16550 driver, 32 ports, IRQ sharing enabled
[   19.938964] 00:02: ttyS0 at I/O 0x3f8 (irq = 4, base_baud = 115200) is a 16550A
[   19.959230] Linux agpgart interface v0.103
[   19.961010] loop: module loaded
[   19.962166] scsi host0: ata_piix
[   19.962940] scsi host1: ata_piix
[   19.963603] ata1: PATA max UDMA/33 cmd 0x1f0 ctl 0x3f6 bmdma 0xd000 irq 14
[   19.964676] ata2: PATA max UDMA/33 cmd 0x170 ctl 0x376 bmdma 0xd008 irq 15
[   19.966013] libphy: Fixed MDIO Bus: probed
[   19.966726] tun: Universal TUN/TAP device driver, 1.6
[   19.967597] tun: (C) 1999-2004 Max Krasnyansky <maxk@qualcomm.com>
[   19.968889] PPP generic driver version 2.4.2
[   19.969673] ehci_hcd: USB 2.0 'Enhanced' Host Controller (EHCI) Driver
[   19.970729] ehci-pci: EHCI PCI platform driver
[   19.971576] ehci-platform: EHCI generic platform driver
[   19.972611] ohci_hcd: USB 1.1 'Open' Host Controller (OHCI) Driver
[   19.973674] ohci-pci: OHCI PCI platform driver
[   19.974580] ohci-platform: OHCI generic platform driver
[   19.975499] uhci_hcd: USB Universal Host Controller Interface driver
[   20.407611] i8042: PNP: PS/2 Controller [PNP0303:PS2K,PNP0f03:PS2M] at 0x60,0x64 irq 1,12
[   20.468238] serio: i8042 KBD port at 0x60,0x64 irq 1
[   20.469079] serio: i8042 AUX port at 0x60,0x64 irq 12
[   20.473297] mousedev: PS/2 mouse device common for all mice
[   20.477267] input: AT Translated Set 2 keyboard as /devices/platform/i8042/serio0/input/input2
[   20.517892] rtc_cmos rtc_cmos: rtc core: registered rtc_cmos as rtc0
[   20.537552] rtc_cmos rtc_cmos: alarms up to one day, 114 bytes nvram
[   20.587593] i2c /dev entries driver
[   20.637170] device-mapper: uevent: version 1.0.3
[   21.067475] device-mapper: ioctl: 4.34.0-ioctl (2015-10-28) initialised: dm-devel@redhat.com
[   21.068893] ledtrig-cpu: registered to indicate activity on CPUs
[   21.069996] NET: Registered protocol family 10
[   21.070807] NET: Registered protocol family 17
[   21.071511] Key type dns_resolver registered
[   21.497380] registered taskstats version 1
[   21.498175] Loading compiled-in X.509 certificates
[   21.501149] Loaded X.509 cert 'Build time autogenerated kernel key: fc7b57a7df019f2655f66a8a374d74ee8f4999fc'
[   21.518025] zswap: loaded using pool lzo/zbud
[   21.520003] Key type trusted registered
[   21.839270] Key type encrypted registered
[   21.839941] AppArmor: AppArmor sha1 policy hashing enabled
[   21.846168] ima: No TPM chip found, activating TPM-bypass!
[   22.467208] evm: HMAC attrs: 0x1
[   22.817337]   Magic number: 6:717:995
[   23.217187] memory memory38: hash matches
[   23.547257] rtc_cmos rtc_cmos: setting system clock to 2018-06-21 16:57:29 UTC (1529600249)
[   23.548615] BIOS EDD facility v0.16 2004-Jun-25,   eevices found
[   23.717143] EDD information not available.
[   23.818918] Freeing unused kernel memory: 1512K
[   24.327411] Write protecting the kernel read-only data: 14336k
[   24.338455] Freeing unused kernel memory: 1688K
[   24.387338] Freeing unused kernel memory: 96K
Loading, please [   24.457261] random: udevadm: uninitialized urandom read (16 bytes read, 4 bits of entropy available)
wait...
starting version 229
[   25.448517] random: systemd-udevd: uninitialized urandom read (16 bytes read, 5 bits of entropy available)
[   25.450282] random: systemd-udevd: uninitialized urandom read (16 bytes read, 5 bits of entropy available)
[   25.458104] random: systemd-udevd: uninitialized urandom read (16 bytes read, 5 bits of entropy available)
[   25.460034] random: systemd-udevd: uninitialized urandom read (16 bytes read, 5 bits of entropy available)
[   25.638945] random: udevadm: uninitialized urandom read (16 bytes read, 5 bits of entropy available)
[   25.732149] random: systemd-udevd: uninitialized urandom read (16 bytes read, 5 bits of entropy available)
[   25.761137] random: udevadm: uninitialized urandom read (16 bytes read, 5 bits of entropy available)
[   26.267519] random: systemd-udevd: uninitialized urandom read (16 bytes read, 5 bits of entropy available)
[   26.577662] random: systemd-udevd: uninitialized urandom read (16 bytes read, 5 bits of entropy available)
[   26.650230] e1000: Intel(R) PRO/1000 Network Driver - version 7.3.21-k8-NAPI
[   27.221903] e1000: Copyright (c) 1999-2006 Intel Corporation.
[   27.542488] Fusion MPT base driver 3.04.20
[   27.543290] Copyright (c) 1999-2008 LSI Corporation
[   27.566251] Fusion MPT SPI Host driver 3.04.20
[   27.600906] AVX2 version of gcm_enc/dec engaged.
[   27.617611] AES CTR mode by8 optimization enabled
[   27.642825] mptbase: ioc0: Initiating bringup
[   27.715648] ioc0: LSI53C1030 A0: Capabilities={Initiator}
[   27.752680] input: ImExPS/2 Generic Explorer Mouse as /devices/platform/i8042/serio1/input/input4
[   28.516293] scsi host2: ioc0: LSI53C1030 A0, FwRev=00000000h, Ports=1, MaxQ=256, IRQ=20
[   28.960666] scsi 2:0:0:0: Direct-Access     VBOX     HARDDISK         1.0  PQ: 0 ANSI: 5
[   29.677783] scsi target2:0:0: Beginning Domain Validation
[   29.813895] scsi target2:0:0: Domain Validation skipping write tests
[   29.817612] scsi target2:0:0: Ending Domain Validation
[   29.826647] scsi target2:0:0: asynchronous
[   30.108812] scsi 2:0:1:0: Direct-Access     VBOX     HARDDISK         1.0  PQ: 0 ANSI: 5
[   30.718380] scsi target2:0:1: Beginning Domain Validation
[   30.908164] scsi target2:0:1: Domain Validation skipping write tests
[   30.909284] scsi target2:0:1: Ending Domain Validation
[   30.910202] scsi target2:0:1: asynchronous
[   30.913623] sd 2:0:0:0: Attached scsi generic sg0 type 0
[   30.914512] sd 2:0:0:0: [sda] 20971520 512-byte logical blocks: (10.7 GB/10.0 GiB)
[   30.916233] sd 2:0:1:0: Attached scsi generic sg1 type 0
[   30.917372] sd 2:0:0:0: [sda] Write Protect is off
[   30.918350] sd 2:0:0:0: [sda] Incomplete mode parameter data
[   30.919396] sd 2:0:0:0: [sda] Assuming drive cache: write through
[   30.924493] sd 2:0:1:0: [sdb] 20480 512-byte logical blocks: (10.5 MB/10.0 MiB)
[   30.933095] sd 2:0:1:0: [sdb] Write Protect is off
[   30.933977] sd 2:0:1:0: [sdb] Incomplete mode parameter data
[   30.934818] sd 2:0:1:0: [sdb] Assuming drive cache: write through
[   31.367788]  sda: sda1
[   31.477502] e1000 0000:00:03.0 eth0: (PCI:33MHz:32-bit) 02:dd:f6:ca:b5:3d
[   31.557778] e1000 0000:00:03.0 eth0: Intel(R) PRO/1000 Network Connection
[   32.007749] sd 2:0:0:0: [sda] Attached SCSI disk
[   32.009632] sd 2:0:1:0: [sdb] Attached SCSI disk
[   32.346368] e1000 0000:00:08.0 eth1: (PCI:33MHz:32-bit) 08:00:27:8d:81:3b
[   32.977188] e1000 0000:00:08.0 eth1: Intel(R) PRO/1000 Network Connection
[   33.098809] e1000 0000:00:08.0 enp0s8: renamed from eth1
[   33.217778] e1000 0000:00:03.0 enp0s3: renamed from eth0
Begin: Loading e[   34.680213] md: linear personality registered for level -1
ssential drivers ... [   34.790131] md: multipath personality registered for level -4
[   34.929612] md: raid0 personality registered for level 0
[   35.320760] md: raid1 personality registered for level 1
[   35.616850] raid6: sse2x1   gen() 10958 MB/s
[   35.696853] raid6: sse2x1   xor()  8370 MB/s
[   35.826844] raid6: sse2x2   gen() 13732 MB/s
[   36.386829] raid6: sse2x2   xor()  9468 MB/s
[   36.866832] raid6: sse2x4   gen() 16230 MB/s
[   37.426828] raid6: sse2x4   xor() 10671 MB/s
[   37.885140] raid6: avx2x1   gen() 20139 MB/s
[   38.446827] raid6: avx2x2   gen() 23621 MB/s
[   38.546843] raid6: avx2x4   gen() 26950 MB/s
[   38.597587] raid6: using algorithm avx2x4 gen() 26950 MB/s
[   38.598500] raid6: using avx2x2 recovery algorithm
[   38.601906] xor: automatically using best checksumming function:
[   38.706829]    avx       : 47341.000 MB/sec
[   39.028848] async_tx: api initialized (async)
[   39.509260] md: raid6 personality registered for level 6
[   39.807320] md: raid5 personality registered for level 5
[   40.147164] md: raid4 personality registered for level 4
[   40.472838] md: raid10 personality registered for level 10
done.
Begin: Running /scripts/init-premount ... done.
Begin: Mounting root file system[   40.502999] Btrfs loaded
 ... Begin: Running /scripts/local-top ... done.
Begin: Running /scripts/local-premount ... Scanning for Btrfs filesystems
done.
Warning: fsck not present, so skipping root file system
[   40.582064] EXT4-fs (sda1): mounted filesystem with ordered data mode. Opts: (null)
done.
Begin: Running /scripts/local-bottom ... done.
Begin: Running /scripts/init-bottom ... done.
[   40.992098] systemd[1]: systemd 229 running in system mode. (+PAM +AUDIT +SELINUX +IMA +APPARMOR +SMACK +SYSVINIT +UTMP +LIBCRYPTSETUP +GCRYPT +GNUTLS +ACL +XZ -LZ4 +SECCOMP +BLKID +ELFUTILS +KMOD -IDN)
[   41.498040] systemd[1]: Detected virtualization oracle.
[   41.498812] systemd[1]: Detected architecture x86-64.

Welcome to [1mUbuntu 16.04.4 LTS[0m!

[   41.639073] systemd[1]: Set hostname to <ubuntu>.
[   41.649001] systemd[1]: Initializing machine ID from random generator.
[   42.277299] systemd[1]: Installed transient /etc/machine-id file.
[   42.492145] systemd[1]: Listening on Device-mapper event daemon FIFOs.
[[0;32m  OK  [0m] Listening on Device-mapper event daemon FIFOs.
[   42.748840] systemd[1]: Reached target System Time Synchronized.
[[0;32m  OK  [0m] Reached target System Time Synchronized.
[   42.750990] systemd[1]: Listening on LVM2 poll daemon socket.
[[0;32m  OK  [0m] Listening on LVM2 poll daemon socket.
[   42.754360] systemd[1]: Created slice User and Session Slice.
[[0;32m  OK  [0m] Created slice User and Session Slice.
[   42.758150] random: nonblocking pool is initialized
[   42.759135] systemd[1]: Listening on /dev/initctl Compatibility Named Pipe.
[[0;32m  OK  [0m] Listening on /dev/initctl Compatibility Named Pipe.
[   42.761456] systemd[1]: Reached target User and Group Name Lookups.
[[0;32m  OK  [0m] Reached target User and Group Name Lookups.
[   42.778957] systemd[1]: Reached target Swap.
[[0;32m  OK  [0m] Reached target Swap.
[   42.784947] systemd[1]: Created slice System Slice.
[[0;32m  OK  [0m] Created slice System Slice.
[   42.838512] systemd[1]: Reached target Slices.
[[0;32m  OK  [0m] Reached target Slices.
[   42.840397] systemd[1]: Reached target Encrypted Volumes.
[[0;32m  OK  [0m] Reached target Encrypted Volumes.
[   42.842428] systemd[1]: Listening on Journal Socket (/dev/log).
[[0;32m  OK  [0m] Listening on Journal Socket (/dev/log).
[   42.844764] systemd[1]: Started Forward Password Requests to Wall Directory Watch.
[[0;32m  OK  [0m] Started Forward Password Requests to Wall Directory Watch.
[   42.847802] systemd[1]: Set up automount Arbitrary Executable File Formats File System Automount Point.
[[0;32m  OK  [0m] Set up automount Arbitrary Executab...ats File System Automount Point.
[   42.850978] systemd[1]: Listening on Journal Audit Socket.
[[0;32m  OK  [0m] Listening on Journal Audit Socket.
[   42.852875] systemd[1]: Listening on Syslog Socket.
[[0;32m  OK  [0m] Listening on Syslog Socket.
[   42.854712] systemd[1]: Listening on LVM2 metadata daemon socket.
[[0;32m  OK  [0m] Listening on LVM2 metadata daemon socket.
[   42.857764] systemd[1]: Listening on udev Kernel Socket.
[[0;32m  OK  [0m] Listening on udev Kernel Socket.
[   42.859880] systemd[1]: Created slice system-serial\x2dgetty.slice.
[[0;32m  OK  [0m] Created slice system-serial\x2dgetty.slice.
[   42.867587] systemd[1]: Started Trigger resolvconf update for networkd DNS.
[[0;32m  OK  [0m] Started Trigger resolvconf update for networkd DNS.
[   42.938914] systemd[1]: Listening on Journal Socket.
[[0;32m  OK  [0m] Listening on Journal Socket.
[   42.941237] systemd[1]: Starting Uncomplicated firewall...
         Starting Uncomplicated firewall...
[   42.953909] systemd[1]: Starting Load Kernel Modules...
         Starting Load Kernel Modules...
[   42.957068] systemd[1]: Starting Create list of required static device nodes for the current kernel...
         Starting Create list of required st... nodes for the current kernel...
[   42.973276] systemd[1]: Starting Journal Service...
         Starting Journal Service...
[   42.976990] Loading iSCSI transport class v2.0-870.
[   42.978512] systemd[1]: Mounting POSIX Message Queue File System...
         Mounting POSIX Message Queue File System...
[   42.983467] systemd[1]: Starting Set console keymap...
         Starting Set console keymap...
[   42.995318] systemd[1]: Mounting Debug File System...
         Mounting Debug File System...
[   43.000400] systemd[1]: Mounting Huge Pages File System...
         Mounting Huge Pages File System...
[   43.004768] iscsi: registered transport (tcp)
[   43.008315] systemd[1]: Starting Remount Root and Kernel File Systems...
         [   43.038026] EXT4-fs (sda1): re-mounted. Opts: (null)
Starting Remount[   43.637990] iscsi: registered transport (iser)
 Root and Kernel File Systems...
[   44.039183] systemd[1]: Starting Nameserver information manager...
         Starting Nameserver information manager...
[   44.042651] systemd[1]: Listening on udev Control Socket.
[[0;32m  OK  [0m] Listening on udev Control Socket.
[   44.046239] systemd[1]: Starting Monitoring of LVM2 mirrors, snapshots etc. using dmeventd or progress polling...
         Starting Monitoring of LVM2 mirrors... dmeventd or progress polling...
[   44.052880] systemd[1]: Mounted POSIX Message Queue File System.
[[0;32m  OK  [0m] Mounted POSIX Message Queue File System.
[   44.055041] systemd[1]: Mounted Huge Pages File System.
[[0;32m  OK  [0m] Mounted Huge Pages File System.
[   44.058940] systemd[1]: Mounted Debug File System.
[[0;32m  OK  [0m] Mounted Debug File System.
[   44.062974] ssseedd[1]: Started Journal Service.
[[0;32m  OK  [0m] Started Journal Service.
[[0;32m  OK  [0m] Started Uncomplicated firewall.
[[0;32m  OK  [0m] Started Load Kernel Modules.
[[0;32m  OK  [0m] Started Create list of required sta...ce nodes for the current kernel.
[[0;32m  OK  [0m] Started Set console keymap.
[[0;32m  OK  [0m] Started Remount Root and Kernel File Systems.
[[0;32m  OK  [0m] Started Nameserver information manager.
[[0;32m  OK  [0m] Started LVM2 metadata daemon.
         Starting udev Coldplug all Devices...
         Starting Load/Save Random Seed...
         Starting Create Static Device Nodes in /dev...
         Mounting FUSE Control File System...
         Starting Apply Kernel Variables...
         Starting Flush Journal to Persistent Storage...
[[0;32m  OK  [0m] Mounted FUSE Control File System.
[[0;32m  OK  [0m] Started Load/Save Random Seed.
[[0;32m  OK  [0m] Started Create Static Device Nodes in /dev.
[[0;32m  OK  [0m] Started Apply Kernel Variables.
[[0;32m  OK  [0m] Started udev Coldplug all Devices.
[[0;32m  OK  [0m] Started Flush Journal to Persistent Storage.
         Starting udev Kernel Device Manager...
[[0;32m  OK  [0m] Started udev Kernel Device Manager.
[[0;32m  OK  [0m] Started Dispatch Password Requests to Console Directory Watch.
[[0;32m  OK  [0m] Started Monitoring of LVM2 mirrors,...ng dmeventd or progress polling.
[[0;32m  OK  [0m] Found device /dev/ttyS0.
[[0;32m  OK  [0m] Reached target Local File Systems (Pre).
[[0;32m  OK  [0m] Reached target Local File Systems.
         Starting Initial cloud-init job (pre-networking)...
         Starting Commit a transient machine-id on disk...
         Starting Create Volatile Files and Directories...
         Starting Set console font and keymap...
         Starting LSB: AppArmor initialization...
         Starting Tell Plymouth To Write Out Runtime Data...
[[0;32m  OK  [0m] Started Commit a transient machine-id on disk.
[[0;32m  OK  [0m] Started Create Volatile Files and Directories.
[[0;32m  OK  [0m] Started Tell Plymouth To Write Out Runtime Data.
         Starting Update UTMP about System Boot/Shutdown...
[[0;32m  OK  [0m] Started Update UTMP about System Boot/Shutdown.
[[0;32m  OK  [0m] Listening on Load/Save RF Kill Switch Status /dev/rfkill Watch.
[[0;32m  OK  [0m] Started Set console font and keymap.
[[0;32m  OK  [0m] Created slice system-getty.slice.
[[0;32m  OK  [0m] Started Initial cloud-init job (pre-networking).
[[0;32m  OK  [0m] Reached target Network (Pre).
[   34.807896] cloud-init[522]: Cloud-init v. 18.2 running 'init-local' at Thu, 21 Jun 2018 16:57:52 +0000. Up 34.28 seconds.
[[0;32m  OK  [0m] Started LSB: AppArmor initialization.
         Starting Raise network interfaces...
[[0;32m  OK  [0m] Started Raise network interfaces.
[[0;32m  OK  [0m] Reached target Network.
         Starting Initial cloud-init job (metadata service crawler)...
[   36.173110] cloud-init[985]: Cloud-init v. 18.2 running 'init' at Thu, 21 Jun 2018 16:57:53 +0000. Up 35.54 seconds.
[[0;32m  OK  [0m] Started Initial cloud-init job (metadata service crawler).
[   36.213766] cloud-init[985]: ci-info: ++++++++++++++++++++++++++++++++++++++Net device info++++++++++++++++++++++++++++++++++++++
[   36.217383] cloud-init[985]: ci-info: +--------+-------+----------------------------+---------------+-------+-------------------+
[[0;32m  OK  [0m] Reached target Cloud-config availability.
[[0;32m  OK  [0m] Reached target Network is Online.
[   36.221122] cloud-init[985]: ci-info: | Device |   Up  |          Address           |      Mask     | Scope |     Hw-Address    |
         Starting iSCSI initiator daemon (iscsid)...
[   36.224107] cloud-init[985]: ci-info: +--------+-------+----------------------------+---------------+-------+-------------------+
[   36.225519] cloud-init[985]: ci-info: | enp0s3 |  True |         10.0.2.15          | 255.255.255.0 |   .   | 02:dd:f6:ca:b5:3d |
[   36.226926] cloud-init[985]: ci-info: | enp0s3 |  True | fe80::dd:f6ff:feca:b53d/64 |       .       |  link | 02:dd:f6:ca:b5:3d |[[0;32m  OK  [0m] Reached target System Initialization.
[[0;32m  OK  [0m] Started Daily Cleanup of Temporary Directories.
[[0;32m  OK  [0m] Listening on ACPID Listen Socket.
         Starting LXD - unix socket.
         Starting Socket activation for snappy daemon.
[[0;32m  OK  [0m] Listening on UUID daemon activation socket.
[[0;32m  OK  [0m] Started ACPI Events Check.
[[0;32m  OK  [0m] Reached target Paths.
[[0;32m  OK  [0m] Started Daily apt download activities.
[[0;32m  OK  [0m] Started Daily apt upgrade and clean activities.
[[0;32m  OK  [0m] Reached target Timers.
[[0;32m  OK  [0m] Listening on D-Bus System Message Bus Socket.

[   36.237011] cloud-init[985]: ci-info: | enp0s8 | False |             .              |       .       |   .   | 08:00:27:8d:81:3b |
[   36.238635] cloud-init[985]: ci-info: |   lo   |  True |         127.0.0.1          |   255.0.0.0   |   .   |         .         |
[   36.240858] cloud-init[985]: ci-info: |   lo   |  True |          ::1/128           |       .       |  host |         .         |
[[0;32m  OK  [0m] Listening on LXD - unix socket.
[   36.244222] cloud-init[985]: ci-info: +--------+-------+----------------------------+---------------+-------+-------------------+
[[0;32m  OK  [0m] Listening on Socket activation for snappy daemon.[   36.252792] cloud-init[985]: ci-info: +++++++++++++++++++++++++++Route IPv4 info++++++++++++++++++++++++++++
[   36.253516] cloud-init[985]: ci-info: +-------+-------------+----------+---------------+-----------+-------+
[   36.253553] cloud-init[985]: ci-info: | Route | Destination | Gateway  |    Genmask    | Interface | Flags |

[   36.254583] cloud-init[985]: ci-info: +-------+-------------+----------+---------------+-----------+-------+
[   36.280508] cloud-init[985]: ci-info: |   0   |   0.0.0.0   | 10.0.2.2 |    0.0.0.0    |   enp0s3  |   UG  |
[[0;32m  OK  [0m] Started iSCSI initiator daemon (iscsid).
[   36.283432] cloud-init[985]: ci-info: |   1   |   10.0.2.0  | 0.0.0.0  | 255.255.255.0 |   enp0s3  |   U   |
[   36.286995] cloud-init[985]: ci-info: +-------+-------------+----------+---------------+-----------+-------+         Starting Login to default iSCSI targets...
[[0;32m  OK  [0m] Reached target Sockets.
[[0;32m  OK  [0m] Reached target Basic System.
[[0;32m  OK  [0m
[   36.292252] cloud-init[985]: Generating public/private rsa key pair.
[   36.293142] cloud-init[985]: Your identification has been saved in /etc/ssh/ssh_host_rsa_key.
[   36.294243] cloud-init[985]: Your public key has been saved in /etc/ssh/ssh_host_rsa_key.pub.
[   36.295347] cloud-init[985]: The key fingerprint is:
] Started Unattended Upgrades Shutdown.
         Starting Accounts Service...
[[0;32m  OK  [0m] Started Deferred execution scheduler.[   36.300125] cloud-init[985]: SHA256:gpGLzuS/DXUVus8AMqCwB3XSAh29bumXa8+v8EpEeXk root@ubuntu-xenial
[   36.301291] cloud-init[985]: The key's randomart image is:
[   36.302112] cloud-init[985]: +---[RSA 2048]----+
[   36.302827] cloud-init[985]: |++=+.     .      |
[   36.303566] cloud-init[985]: |.+o+o. . o .     |
         Starting Pollinate to seed the pseudo random number generator...

[[0;32m  OK  [0m] Started ACPI event daemon.
         Starting /etc/rc.local Compatibility...
         Starting LSB: Record successful boot for GRUB...
[[0;32m  OK  [0m] Started D-Bus System Message Bus.
[   36.324366] cloud-init[985]: |o ..=.+ + E      |
[   36.325849] cloud-init[985]: | . ..B o +       |
[   36.328131] cloud-init[985]: |  o.o.+ S        |
[   36.339792] cloud-init[985]: | =  +o o +       |
[   36.361072] cloud-init[985]: |  +o. o.  o      |
[   36.362078] cloud-init[985]: |   ..+++         |
[   36.363129] cloud-init[985]: |    o+++=o.      |
[   36.364144] cloud-init[985]: +----[SHA256]-----+
[   36.365119] cloud-init[985]: Generating public/private dsa key pair.
[   36.366605] cloud-init[985]: Your identification has been saved in /etc/ssh/ssh_host_dsa_key.
[   36.367946] cloud-init[985]: Your public key has been saved in /etc/ssh/ssh_host_dsa_key.pub.
[   36.369330] cloud-init[985]: The key fingerprint is:
[   36.370389] cloud-init[985]: SHA256:+lXmZr1NDqoUmXGGjFjnTGabuX50DUK4pTmDBc+NCYM root@ubuntu-xenial
         Starting Apply the settings specified in cloud-config...
         Starting LSB: MD monitoring daemon...
         Starting System Logging Service...
[   36.392924] cloud-init[985]: The key's randomart image is:
         [   36.660244] cloud-init[985]: +---[DSA 1024]----+
[   36.660520] cloud-init[985]: |       .=.=..    |
[   36.660555] cloud-init[985]: |      Eo #oX.    |
[   36.660591] cloud-init[985]: |      . .o#== .  |
[   36.660622] cloud-init[985]: |        . *B . o |
[   36.660652] cloud-init[985]: |        S =o+ . .|
[   36.660683] cloud-init[985]: |       . . * o   |
[   36.660713] cloud-init[985]: |      .   + = o .|
[   36.660751] cloud-init[985]: |       . o + . * |
[   36.660794] cloud-init[985]: |        . ... . o|
[   36.660826] cloud-init[985]: +----[SHA256]-----+
[   36.660857] cloud-init[985]: Generating public/private ecdsa key pair.
[   36.660889] cloud-init[985]: Your identification has been saved in /etc/ssh/ssh_host_ecdsa_key.
[   36.660920] cloud-init[985]: Your public key has been saved in /etc/ssh/ssh_host_ecdsa_key.pub.
[   36.660955] cloud-init[985]: The key fingerprint is:
[   36.661000] cloud-init[985]: SHA256:1aUvyT3AU1Lv2i5fcvkSm+O2I2hUsD9l2ooj94Bg5/k root@ubuntu-xenial
[   36.661032] cloud-init[985]: The key's randomart image is:
[   36.661075] cloud-init[985]: +---[ECDSA 256]---+
[   36.661106] cloud-init[985]: |            ..+  |
[   36.661138] cloud-init[985]: |          .o = . |
[   36.661170] cloud-init[985]: |          .o*   .|
[   36.661228] cloud-init[985]: |         ....*o. |
[   36.661265] cloud-init[985]: |      o S  o+=+ .|
[   36.661299] cloud-init[985]: |     . + o. +.o+.|
[   36.661335] cloud-init[985]: |        +..o oo=+|
[   36.661372] cloud-init[985]: |        ..*.o O+o|
[   36.661410] cloud-init[985]: |         +Eo.+oB+|
[   36.661447] cloud-init[985]: +----[SHA256]-----+
[   36.661487] cloud-init[985]: Generating public/private ed25519 key pair.
[   36.661521] cloud-init[985]: Your identification has been saved in /etc/ssh/ssh_host_ed25519_key.
[   36.661556] cloud-init[985]: Your public key has been saved in /etc/ssh/ssh_host_ed25519_key.pub.
[   36.661590] cloud-init[985]: The key fingerprint is:
[   36.661624] cloud-init[985]: SHA256:AZi0Zhefn41P0/zwErlBolfjGf3jXNlvU2xT6X630qs root@ubuntu-xenial
[   36.661660] cloud-init[985]: The key's randomart image is:
[   36.661692] cloud-init[985]: +--[ED25519 256]--+
[   36.661741] cloud-init[985]: |   ..oo          |
[   36.661780] cloud-init[985]: |    o. + .     ..|
[   36.661811] cloud-init[985]: |    + . +   . =.o|
[   36.661844] cloud-init[985]: |   o .   o = B.*=|
[   36.661874] cloud-init[985]: |        S = = X=B|
[   36.661916] cloud-init[985]: |           + .+O*|
[   36.661946] cloud-init[985]: |            . +=B|
[   36.661976] cloud-init[985]: |             . +=|
[   36.662272] cloud-init[985]: |             Eoo.|
[   36.662315] cloud-init[985]: +----[SHA256]-----+
Starting Snappy daemon...
[   36.805447] [[0;32m  OK  [0m] Started Regular background program processing daemon.
         Starting Virtualbox guest utils...
         Starting Login Service...
[[0;32m  OK  [0mcloud-init[1128]: Generating locales (this might take a while)...
] Started FUSE filesystem for LXC.
         Starting LXD - container startup/shutdown...
[[0;32m  OK  [0m] Started System Logging Service.
[[0;32m  OK  [0m] Started Snappy daemon.
[[0;32m  OK  [0m] Started /etc/rc.local Compatibility.
[[0;32m  OK  [0m] Started Login to default iSCSI targets.
[[0;32m  OK  [0m] Started LSB: Record successful boot for GRUB.
         Starting Authenticate and Authorize Users to Run Privileged Tasks...
[[0;32m  OK  [0m] Reached target Remote File Systems (Pre).
[[0;32m  OK  [0m] Reached target Remote File Systems.
         Starting LSB: Set the CPU Frequency Scaling governor to "ondemand"...
         Starting LSB: automatic crash report generation...
         Starting LSB: daemon to balance interrupts for SMP systems...
         Starting Permit User Sessions...
         Starting Wait until snapd is fully seeded...
[[0;32m  OK  [0m] Started LSB: MD monitoring daemon.
[[0;32m  OK  [0m] Started LXD - container startup/shutdown.
[[0;32m  OK  [0m] Started Permit User Sessions.
[[0;32m  OK  [0m] Started Login Service.
[[0;32m  OK  [0m] Started Authenticate and Authorize Users to Run Privileged Tasks.
[[0;32m  OK  [0m] Started Accounts Service.
         Starting Terminate Plymouth Boot Screen...
         Starting Hold until boot process finishes up...
[[0;32m  OK  [0m] Started Pollinate to seed the pseudo random number generator.
[[0;32m  OK  [0m] Started LSB: Set the CPU Frequency Scaling governor to "ondemand".
[[0;32m  OK  [0m] Started LSB: automatic crash report generation.
[[0;32m  OK  [0m] Started LSB: daemon to balance interrupts for SMP systems.
[[0;32m  OK  [0m] Started Terminate Plymouth Boot Screen.
[[0;32m  OK  [0m] Started Hold until boot process finishes up.
[[0;32m  OK  [0m] Started Virtualbox guest utils.
[[0;32m  OK  [0m] Started Getty on tty1.
         Starting Set console scheme...
[[0;32m  OK  [0m] Started Serial Getty on ttyS0.
[[0;32m  OK  [0m] Reached target Login Prompts.
         Starting OpenBSD Secure Shell server...
[[0;32m  OK  [0m] Started OpenBSD Secure Shell server.
[[0;32m  OK  [0m] Started Set console scheme.
[[0;32m  OK  [0m] Created slice User Slice of vagrant.
         Starting User Manager for UID 1000...
[[0;32m  OK  [0m] Started Session 1 of user vagrant.
[[0;32m  OK  [0m] Started User Manager for UID 1000.
[   38.100715] cloud-init[1128]:   en_US.UTF-8... done
[   38.128693] cloud-init[1128]: Generation complete.
[   38.584165] cloud-init[1128]: Cloud-init v. 18.2 running 'modules:config' at Thu, 21 Jun 2018 16:57:54 +0000. Up 36.70 seconds.
[[0;32m  OK  [0m] Started Apply the settings specified in cloud-config.
[[0;32m  OK  [0m] Started Wait until snapd is fully seeded.
[[0;32m  OK  [0m] Reached target Multi-User System.
         Starting Execute cloud user/final scripts...
[[0;32m  OK  [0m] Reached target Graphical Interface.
         Starting Update UTMP about System Runlevel Changes...
[[0;32m  OK  [0m] Started Update UTMP about System Runlevel Changes.
ci-info: no authorized ssh keys fingerprints found for user ubuntu.
<14>Jun 21 16:57:57 ec2: 
<14>Jun 21 16:57:57 ec2: #############################################################
<14>Jun 21 16:57:57 ec2: -----BEGIN SSH HOST KEY FINGERPRINTS-----
<14>Jun 21 16:57:57 ec2: 1024 SHA256:+lXmZr1NDqoUmXGGjFjnTGabuX50DUK4pTmDBc+NCYM root@ubuntu-xenial (DSA)
<14>Jun 21 16:57:57 ec2: 256 SHA256:1aUvyT3AU1Lv2i5fcvkSm+O2I2hUsD9l2ooj94Bg5/k root@ubuntu-xenial (ECDSA)
<14>Jun 21 16:57:57 ec2: 256 SHA256:AZi0Zhefn41P0/zwErlBolfjGf3jXNlvU2xT6X630qs root@ubuntu-xenial (ED25519)
<14>Jun 21 16:57:57 ec2: 2048 SHA256:gpGLzuS/DXUVus8AMqCwB3XSAh29bumXa8+v8EpEeXk root@ubuntu-xenial (RSA)
<14>Jun 21 16:57:57 ec2: -----END SSH HOST KEY FINGERPRINTS-----
<14>Jun 21 16:57:57 ec2: #############################################################
-----BEGIN SSH HOST KEY KEYS-----
ecdsa-sha2-nistp256 AAAAE2VjZHNhLXNoYTItbmlzdHAyNTYAAAAIbmlzdHAyNTYAAABBBCw+c7fE7QQn3xLUUm6A6GDNojuXnksNoybo6aRT3fDxWD6ELSjkkBNK9PznZ9fkltc5uyiW1m0+Cn7Dyz2iQXk= root@ubuntu-xenial
ssh-ed25519 AAAAC3NzaC1lZDI1NTE5AAAAIBEV8Xp0luPCI2bWnj1IdPfke3yErKrdv2Tj8d0o8TNw root@ubuntu-xenial
ssh-rsa AAAAB3NzaC1yc2EAAAADAQABAAABAQCdS6k6muLFlXE1BIDEPY+7WSF504Kg3TbYpMC55gZkdDT2cFZPAJ73Zjn6WXybSVFFJbXGH3xzgnGKraAUfWwxz8lDIEmsFtgY/feoS9Qxo9V1t0r7TpT6R7tXIJsiM9aYDb1MfiRTu6yLv+7vt/K9CiXjKXdIvcFpqEF/H7Sz19WDXB5H0Uu+km4fc54hsuAE2WopF6X/d1OJqQwfhpohFdloTzdcVtH5dBv6sA92xg1QvYWxTPC6/AoqOtDCOpNtWhyVpjRkcaTQ8L1t4Di7eU0G9/c09E3c0dnh29ssCW02dx+bzItYSBjHLddV3j8Kyafk39giOc4SOxmH9MVd root@ubuntu-xenial
-----END SSH HOST KEY KEYS-----
[   39.919432] cloud-init[1471]: Cloud-init v. 18.2 running 'modules:final' at Thu, 21 Jun 2018 16:57:57 +0000. Up 39.71 seconds.
[[0;32m  OK  [0m] Started Execute cloud user/final scripts.
[   39.974734] cloud-init[1471]: ci-info: no authorized ssh keys 
[   39.995371] cloud-init[1471]: Cloud-init v. 18.2 finished at Thu, 21 Jun 2018 16:57:57 +0000. Datasource DataSourceNoCloud [seed=/dev/sdb][dsmode=net].  Up 39.90 seconds

Ubuntu 16.04.4 LTS ubuntu-xenial ttyS0

ubuntu-xenial login: 